MPASM 5.77                          MAIN.ASM   10-1-2018  8:43:06         PAGE  1


LOC  OBJECT CODE     LINE SOURCE TEXT
  VALUE

  00000008            00001 count equ 08h
  00000009            00002 count2 equ 09h
                      00003     org 00h
0000   1683           00004     bsf 03h,5
0001   3000           00005     movlw 00h
Message[302]: Register in operand not in bank 0.  Ensure that bank bits are correct.
0002   0805           00006     movfw 85h
                      00007 
0003                  00008 start
0003   3001           00009     movlw 01h
0004   0805           00010     movfw 05h
0005   2???           00011     call delay
                      00012 
0006   3002           00013     movlw 02h
0007   0805           00014     movfw 05h
0008   2???           00015     call delay
                      00016 
0009   3003           00017     movlw 03h
000A   0805           00018     movfw 05h
000B   2???           00019     call delay
                      00020     
000C   3004           00021     movlw 04h
000D   0805           00022     movfw 05h
000E   2???           00023     call delay
000F   3004           00024     movlw 04h
0010   0805           00025     movfw 05h
0011   2???           00026     call delay
0012   3005           00027         movlw 05h
0013   0805           00028     movfw 05h
0014   2???           00029     call delay
0015   3006           00030         movlw 06h
0016   0805           00031     movfw 05h
0017   2???           00032     call delay
0018   3007           00033         movlw 07h
0019   0805           00034     movfw 05h
001A   2???           00035     call delay
                      00036 
001B   2???           00037     goto start
001C                  00038 delay
001C   0B88           00039 loop decfsz count,1
001D   2???           00040     goto loop
001E   0B89           00041 loop2 decfsz count2,1
001F   2???           00042     goto loop2
0020   0008           00043     return
                      00044 
                      00045     END
MPASM 5.77                          MAIN.ASM   10-1-2018  8:43:06         PAGE  2


SYMBOL TABLE
  LABEL                             VALUE 

__16F84A                          00000001
count                             00000008
count2                            00000009
delay                             0000001C
loop                              0000001C
loop2                             0000001E
start                             00000003

Errors   :     0
Warnings :     0 reported,     0 suppressed
Messages :     1 reported,     0 suppressed

