

Microchip Technology PIC18 LITE Macro Assembler V1.40 build -251452761 
                                                                                               Sat Sep 08 09:06:29 2018

Microchip Technology Omniscient Code Generator v1.40 (Free mode) build 201612010151
     1                           	processor	18F2220
     2                           	fnconf	rparam,??,?,0
     3                           	opt	pw 120
     4                           	opt	lm
     5                           	psect	cinit,global,reloc=2,class=CODE,delta=1
     6                           	psect	cstackCOMRAM,global,class=COMRAM,space=1,delta=1,noexec
     7                           	psect	text0,global,reloc=2,class=CODE,delta=1
     8                           	psect	intsave_regs,global,class=BIGRAM,space=1,delta=1,noexec
     9                           	psect	rparam,global,class=COMRAM,space=1,delta=1,noexec
    10  0000                     
    11                           ; Version 1.40
    12                           ; Generated 01/12/2016 GMT
    13                           ; 
    14                           ; Copyright © 2016, Microchip Technology Inc. and its subsidiaries ("Microchip")
    15                           ; All rights reserved.
    16                           ; 
    17                           ; This software is developed by Microchip Technology Inc. and its subsidiaries ("Microch
      +                          ip").
    18                           ; 
    19                           ; Redistribution and use in source and binary forms, with or without modification, are
    20                           ; permitted provided that the following conditions are met:
    21                           ; 
    22                           ;     1. Redistributions of source code must retain the above copyright notice, this lis
      +                          t of
    23                           ;        conditions and the following disclaimer.
    24                           ; 
    25                           ;     2. Redistributions in binary form must reproduce the above copyright notice, this 
      +                          list
    26                           ;        of conditions and the following disclaimer in the documentation and/or other
    27                           ;        materials provided with the distribution.
    28                           ; 
    29                           ;     3. Microchip's name may not be used to endorse or promote products derived from th
      +                          is
    30                           ;        software without specific prior written permission.
    31                           ; 
    32                           ; THIS SOFTWARE IS PROVIDED BY MICROCHIP "AS IS" AND ANY EXPRESS OR IMPLIED WARRANTIES,
    33                           ; INCLUDING, BUT NOT LIMITED TO, THE IMPLIED WARRANTIES OF MERCHANTABILITY AND FITNESS F
      +                          OR
    34                           ; PURPOSE ARE DISCLAIMED.  IN NO EVENT SHALL MICROCHIP BE LIABLE FOR ANY DIRECT, INDIREC
      +                          T,
    35                           ; INCIDENTAL, SPECIAL, EXEMPLARY, OR CONSEQUENTIAL DAMAGES (INCLUDING BUT NOT LIMITED TO
    36                           ; PROCUREMENT OF SUBSTITUTE GOODS OR SERVICES; LOSS OF USE, DATA OR PROFITS; OR BUSINESS
    37                           ; INTERRUPTION) HOWSOEVER CAUSED AND ON ANY THEORY OF LIABILITY, WHETHER IN CONTRACT, ST
      +                          RICT
    38                           ; LIABILITY, OR TORT (INCLUDING NEGLIGENCE OR OTHERWISE) ARISING IN ANY WAY OUT OF THE U
      +                          SE OF
    39                           ; THIS SOFTWARE, EVEN IF ADVISED OF THE POSSIBILITY OF SUCH DAMAGE.
    40                           ; 
    41                           ; 
    42                           ; Code-generator required, PIC18F2220 Definitions
    43                           ; 
    44                           ; SFR Addresses
    45  0000                     _OSCCON	set	4051
    46  0000                     _PORTBbits	set	3969
    47  0000                     _PORTCbits	set	3970
    48  0000                     _TRISBbits	set	3987
    49  0000                     _TRISCbits	set	3988
    50                           
    51                           ; #config settings
    52  0000                     
    53                           	psect	cinit
    54  000FB8                     __pcinit:
    55                           	opt stack 0
    56  000FB8                     start_initialization:
    57                           	opt stack 0
    58  000FB8                     __initialization:
    59                           	opt stack 0
    60  000FB8                     end_of_initialization:
    61                           	opt stack 0
    62  000FB8                     __end_of__initialization:
    63                           	opt stack 0
    64  000FB8  0100               	movlb	0
    65  000FBA  EFDF  F007         	goto	_main	;jump to C main() function
    66                           
    67                           	psect	cstackCOMRAM
    68  000001                     __pcstackCOMRAM:
    69                           	opt stack 0
    70  000001                     ??_main:
    71                           
    72                           ; 1 bytes @ 0x0
    73  000001                     	ds	2
    74                           
    75 ;;
    76 ;;Main: autosize = 0, tempsize = 2, incstack = 0, save=0
    77 ;;
    78 ;; *************** function _main *****************
    79 ;; Defined at:
    80 ;;		line 12 in file "main.c"
    81 ;; Parameters:    Size  Location     Type
    82 ;;		None
    83 ;; Auto vars:     Size  Location     Type
    84 ;;		None
    85 ;; Return value:  Size  Location     Type
    86 ;;                  1    wreg      void 
    87 ;; Registers used:
    88 ;;		wreg, status,2
    89 ;; Tracked objects:
    90 ;;		On entry : 0/0
    91 ;;		On exit  : 0/0
    92 ;;		Unchanged: 0/0
    93 ;; Data sizes:     COMRAM   BANK0   BANK1
    94 ;;      Params:         0       0       0
    95 ;;      Locals:         0       0       0
    96 ;;      Temps:          2       0       0
    97 ;;      Totals:         2       0       0
    98 ;;Total ram usage:        2 bytes
    99 ;; This function calls:
   100 ;;		Nothing
   101 ;; This function is called by:
   102 ;;		Startup code after reset
   103 ;; This function uses a non-reentrant model
   104 ;;
   105                           
   106                           	psect	text0
   107  000FBE                     __ptext0:
   108                           	opt stack 0
   109  000FBE                     _main:
   110                           	opt stack 31
   111                           
   112                           ;main.c: 15: TRISCbits.RC0=1;
   113                           
   114                           ;incstack = 0
   115  000FBE  8094               	bsf	3988,0,c	;volatile
   116                           
   117                           ;main.c: 16: TRISBbits.RB1=0;
   118  000FC0  9293               	bcf	3987,1,c	;volatile
   119                           
   120                           ;main.c: 18: OSCCON=0x76;
   121  000FC2  0E76               	movlw	118
   122  000FC4  6ED3               	movwf	4051,c	;volatile
   123  000FC6                     l622:
   124                           
   125                           ;main.c: 23: if (PORTCbits.RC0==0){
   126  000FC6  B082               	btfsc	3970,0,c	;volatile
   127  000FC8  D00D               	goto	l16
   128                           
   129                           ;main.c: 25: PORTBbits.RB1=0;
   130  000FCA  9281               	bcf	3969,1,c	;volatile
   131                           
   132                           ;main.c: 26: _delay((unsigned long)((100)*(8000000/4000.0)));
   133  000FCC  0E02               	movlw	2
   134  000FCE  6E02               	movwf	(??_main+1)& (0+255),c
   135  000FD0  0E04               	movlw	4
   136  000FD2  6E01               	movwf	??_main& (0+255),c
   137  000FD4  0EBA               	movlw	186
   138  000FD6                     u27:
   139  000FD6  2EE8               	decfsz	wreg,f,c
   140  000FD8  D7FE               	bra	u27
   141  000FDA  2E01               	decfsz	??_main& (0+255),f,c
   142  000FDC  D7FC               	bra	u27
   143  000FDE  2E02               	decfsz	(??_main+1)& (0+255),f,c
   144  000FE0  D7FA               	bra	u27
   145  000FE2  D00C               	goto	L1
   146  000FE4                     l16:
   147                           
   148                           ;main.c: 28: else{
   149                           ;main.c: 30: PORTBbits.RB1=1;
   150  000FE4  8281               	bsf	3969,1,c	;volatile
   151                           
   152                           ;main.c: 31: _delay((unsigned long)((100)*(8000000/4000.0)));
   153  000FE6  0E02               	movlw	2
   154  000FE8  6E02               	movwf	(??_main+1)& (0+255),c
   155  000FEA  0E04               	movlw	4
   156  000FEC  6E01               	movwf	??_main& (0+255),c
   157  000FEE  0EBA               	movlw	186
   158  000FF0                     u37:
   159  000FF0  2EE8               	decfsz	wreg,f,c
   160  000FF2  D7FE               	bra	u37
   161  000FF4  2E01               	decfsz	??_main& (0+255),f,c
   162  000FF6  D7FC               	bra	u37
   163  000FF8  2E02               	decfsz	(??_main+1)& (0+255),f,c
   164  000FFA  D7FA               	bra	u37
   165  000FFC                     L1:
   166  000FFC  D000               	nop2	
   167  000FFE  D7E3               	goto	l622
   168  001000                     __end_of_main:
   169                           	opt stack 0
   170  0000                     wreg	equ	0xFE8
   171                           wreg	equ	0xFE8
   172                           
   173                           	psect	rparam
   174  0000                     wreg	equ	0xFE8


Data Sizes:
    Strings     0
    Constant    0
    Data        0
    BSS         0
    Persistent  0
    Stack       0

Auto Spaces:
    Space          Size  Autos    Used
    COMRAM          127      2       2
    BANK0           128      0       0
    BANK1           256      0       0

Pointer List with Targets:

    None.

Critical Paths under _main in COMRAM

    None.

Critical Paths under _main in BANK0

    None.

Critical Paths under _main in BANK1

    None.

Call Graph Tables:

 ---------------------------------------------------------------------------------
 (Depth) Function   	        Calls       Base Space   Used Autos Params    Refs
 ---------------------------------------------------------------------------------
 (0) _main                                                 2     2      0       0
                                              0 COMRAM     2     2      0
 ---------------------------------------------------------------------------------
 Estimated maximum stack depth 0
 ---------------------------------------------------------------------------------

 Call Graph Graphs:

 _main (ROOT)

 Address spaces:
Name               Size   Autos  Total    Cost      Usage
BITCOMRAM           7F      0       0       0        0.0%
EEDATA             100      0       0       0        0.0%
NULL                 0      0       0       0        0.0%
CODE                 0      0       0       0        0.0%
COMRAM              7F      2       2       1        1.6%
STACK                0      0       0       2        0.0%
BITBANK0            80      0       0       3        0.0%
BANK0               80      0       0       4        0.0%
BITBANK1           100      0       0       5        0.0%
BANK1              100      0       0       6        0.0%
ABS                  0      0       0       7        0.0%
BIGRAM             1FF      0       0       8        0.0%
DATA                 0      0       0       9        0.0%
BITSFR               0      0       0     200        0.0%
SFR                  0      0       0     200        0.0%


Microchip Technology PIC18 Macro Assembler V1.40 build -251452761 
Symbol Table                                                                                   Sat Sep 08 09:06:29 2018

                     l16 0FE4                       u27 0FD6                       u37 0FF0  
           __CFG_CP0$OFF 000000             __CFG_CP1$OFF 000000              __CFG_LVP$ON 000000  
                    l622 0FC6             __CFG_CPB$OFF 000000             __CFG_CPD$OFF 000000  
           __CFG_BOR$OFF 000000             __CFG_BORV$20 000000                      wreg 000FE8  
           __CFG_IESO$ON 000000             __CFG_WDT$OFF 000000             __CFG_STVR$ON 000000  
                   _main 0FBE            __CFG_PBAD$ANA 000000                     start 0000  
          __CFG_FSCM$OFF 000000             ___param_bank 000000           __CFG_CCP2MX$ON 000000  
                  ?_main 0001            __CFG_PWRT$OFF 000000            __CFG_WRT0$OFF 000000  
          __CFG_WRT1$OFF 000000           __CFG_EBTR0$OFF 000000           __CFG_EBTR1$OFF 000000  
          __CFG_WRTB$OFF 000000            __CFG_WRTC$OFF 000000            __CFG_WRTD$OFF 000000  
         __CFG_EBTRB$OFF 000000           __CFG_MCLRE$OFF 000000          __initialization 0FB8  
           __end_of_main 1000                   ??_main 0001            __activetblptr 000000  
                 _OSCCON 000FD3               __accesstop 0080  __end_of__initialization 0FB8  
          ___rparam_used 000001           __pcstackCOMRAM 0001          __CFG_OSC$INTIO2 000000  
                __Hparam 0000                  __Lparam 0000                  __pcinit 0FB8  
                __ramtop 0200                  __ptext0 0FBE     end_of_initialization 0FB8  
              _PORTBbits 000F81                _PORTCbits 000F82                _TRISBbits 000F93  
              _TRISCbits 000F94      start_initialization 0FB8         __CFG_WDTPS$32768 000000  
               __Hrparam 0000                 __Lrparam 0000            __size_of_main 0042  
