

Microchip Technology PIC18 LITE Macro Assembler V1.40 build -251452761 
                                                                                               Sat Sep 08 06:42:34 2018

Microchip Technology Omniscient Code Generator v1.40 (Free mode) build 201612010151
     1                           	processor	18F2220
     2                           	fnconf	rparam,??,?,0
     3                           	opt	pw 120
     4                           	opt	lm
     5                           	psect	cinit,global,reloc=2,class=CODE,delta=1
     6                           	psect	cstackCOMRAM,global,class=COMRAM,space=1,delta=1,noexec
     7                           	psect	text0,global,reloc=2,class=CODE,delta=1
     8                           	psect	intsave_regs,global,class=BIGRAM,space=1,delta=1,noexec
     9                           	psect	rparam,global,class=COMRAM,space=1,delta=1,noexec
    10  0000                     
    11                           ; Version 1.40
    12                           ; Generated 01/12/2016 GMT
    13                           ; 
    14                           ; Copyright © 2016, Microchip Technology Inc. and its subsidiaries ("Microchip")
    15                           ; All rights reserved.
    16                           ; 
    17                           ; This software is developed by Microchip Technology Inc. and its subsidiaries ("Microch
      +                          ip").
    18                           ; 
    19                           ; Redistribution and use in source and binary forms, with or without modification, are
    20                           ; permitted provided that the following conditions are met:
    21                           ; 
    22                           ;     1. Redistributions of source code must retain the above copyright notice, this lis
      +                          t of
    23                           ;        conditions and the following disclaimer.
    24                           ; 
    25                           ;     2. Redistributions in binary form must reproduce the above copyright notice, this 
      +                          list
    26                           ;        of conditions and the following disclaimer in the documentation and/or other
    27                           ;        materials provided with the distribution.
    28                           ; 
    29                           ;     3. Microchip's name may not be used to endorse or promote products derived from th
      +                          is
    30                           ;        software without specific prior written permission.
    31                           ; 
    32                           ; THIS SOFTWARE IS PROVIDED BY MICROCHIP "AS IS" AND ANY EXPRESS OR IMPLIED WARRANTIES,
    33                           ; INCLUDING, BUT NOT LIMITED TO, THE IMPLIED WARRANTIES OF MERCHANTABILITY AND FITNESS F
      +                          OR
    34                           ; PURPOSE ARE DISCLAIMED.  IN NO EVENT SHALL MICROCHIP BE LIABLE FOR ANY DIRECT, INDIREC
      +                          T,
    35                           ; INCIDENTAL, SPECIAL, EXEMPLARY, OR CONSEQUENTIAL DAMAGES (INCLUDING BUT NOT LIMITED TO
    36                           ; PROCUREMENT OF SUBSTITUTE GOODS OR SERVICES; LOSS OF USE, DATA OR PROFITS; OR BUSINESS
    37                           ; INTERRUPTION) HOWSOEVER CAUSED AND ON ANY THEORY OF LIABILITY, WHETHER IN CONTRACT, ST
      +                          RICT
    38                           ; LIABILITY, OR TORT (INCLUDING NEGLIGENCE OR OTHERWISE) ARISING IN ANY WAY OUT OF THE U
      +                          SE OF
    39                           ; THIS SOFTWARE, EVEN IF ADVISED OF THE POSSIBILITY OF SUCH DAMAGE.
    40                           ; 
    41                           ; 
    42                           ; Code-generator required, PIC18F2220 Definitions
    43                           ; 
    44                           ; SFR Addresses
    45  0000                     _LATBbits	set	3978
    46  0000                     _OSCCON	set	4051
    47  0000                     _TRISBbits	set	3987
    48                           
    49                           ; #config settings
    50  0000                     
    51                           	psect	cinit
    52  000FC2                     __pcinit:
    53                           	opt stack 0
    54  000FC2                     start_initialization:
    55                           	opt stack 0
    56  000FC2                     __initialization:
    57                           	opt stack 0
    58  000FC2                     end_of_initialization:
    59                           	opt stack 0
    60  000FC2                     __end_of__initialization:
    61                           	opt stack 0
    62  000FC2  0100               	movlb	0
    63  000FC4  EFE4  F007         	goto	_main	;jump to C main() function
    64                           
    65                           	psect	cstackCOMRAM
    66  000001                     __pcstackCOMRAM:
    67                           	opt stack 0
    68  000001                     ??_main:
    69                           
    70                           ; 1 bytes @ 0x0
    71  000001                     	ds	2
    72                           
    73 ;;
    74 ;;Main: autosize = 0, tempsize = 2, incstack = 0, save=0
    75 ;;
    76 ;; *************** function _main *****************
    77 ;; Defined at:
    78 ;;		line 12 in file "main.c"
    79 ;; Parameters:    Size  Location     Type
    80 ;;		None
    81 ;; Auto vars:     Size  Location     Type
    82 ;;		None
    83 ;; Return value:  Size  Location     Type
    84 ;;                  1    wreg      void 
    85 ;; Registers used:
    86 ;;		wreg, status,2
    87 ;; Tracked objects:
    88 ;;		On entry : 0/0
    89 ;;		On exit  : 0/0
    90 ;;		Unchanged: 0/0
    91 ;; Data sizes:     COMRAM   BANK0   BANK1
    92 ;;      Params:         0       0       0
    93 ;;      Locals:         0       0       0
    94 ;;      Temps:          2       0       0
    95 ;;      Totals:         2       0       0
    96 ;;Total ram usage:        2 bytes
    97 ;; This function calls:
    98 ;;		Nothing
    99 ;; This function is called by:
   100 ;;		Startup code after reset
   101 ;; This function uses a non-reentrant model
   102 ;;
   103                           
   104                           	psect	text0
   105  000FC8                     __ptext0:
   106                           	opt stack 0
   107  000FC8                     _main:
   108                           	opt stack 31
   109                           
   110                           ;main.c: 14: TRISBbits.RB0=0;
   111                           
   112                           ;incstack = 0
   113  000FC8  9093               	bcf	3987,0,c	;volatile
   114                           
   115                           ;main.c: 15: OSCCON=0x76;
   116  000FCA  0E76               	movlw	118
   117  000FCC  6ED3               	movwf	4051,c	;volatile
   118  000FCE                     l616:
   119                           
   120                           ;main.c: 19: LATBbits.LATB0=0;
   121  000FCE  908A               	bcf	3978,0,c	;volatile
   122                           
   123                           ;main.c: 20: _delay((unsigned long)((500)*(8000000/4000.0)));
   124  000FD0  0E06               	movlw	6
   125  000FD2  6E02               	movwf	(??_main+1)& (0+255),c
   126  000FD4  0E13               	movlw	19
   127  000FD6  6E01               	movwf	??_main& (0+255),c
   128  000FD8  0EAE               	movlw	174
   129  000FDA                     u17:
   130  000FDA  2EE8               	decfsz	wreg,f,c
   131  000FDC  D7FE               	bra	u17
   132  000FDE  2E01               	decfsz	??_main& (0+255),f,c
   133  000FE0  D7FC               	bra	u17
   134  000FE2  2E02               	decfsz	(??_main+1)& (0+255),f,c
   135  000FE4  D7FA               	bra	u17
   136                           
   137                           ;main.c: 21: LATBbits.LATB0=1;
   138  000FE6  808A               	bsf	3978,0,c	;volatile
   139                           
   140                           ;main.c: 22: _delay((unsigned long)((500)*(8000000/4000.0)));
   141  000FE8  0E06               	movlw	6
   142  000FEA  6E02               	movwf	(??_main+1)& (0+255),c
   143  000FEC  0E13               	movlw	19
   144  000FEE  6E01               	movwf	??_main& (0+255),c
   145  000FF0  0EAE               	movlw	174
   146  000FF2                     u27:
   147  000FF2  2EE8               	decfsz	wreg,f,c
   148  000FF4  D7FE               	bra	u27
   149  000FF6  2E01               	decfsz	??_main& (0+255),f,c
   150  000FF8  D7FC               	bra	u27
   151  000FFA  2E02               	decfsz	(??_main+1)& (0+255),f,c
   152  000FFC  D7FA               	bra	u27
   153  000FFE  D7E7               	goto	l616
   154  001000                     __end_of_main:
   155                           	opt stack 0
   156  0000                     wreg	equ	0xFE8
   157                           wreg	equ	0xFE8
   158                           
   159                           	psect	rparam
   160  0000                     wreg	equ	0xFE8


Data Sizes:
    Strings     0
    Constant    0
    Data        0
    BSS         0
    Persistent  0
    Stack       0

Auto Spaces:
    Space          Size  Autos    Used
    COMRAM          127      2       2
    BANK0           128      0       0
    BANK1           256      0       0

Pointer List with Targets:

    None.

Critical Paths under _main in COMRAM

    None.

Critical Paths under _main in BANK0

    None.

Critical Paths under _main in BANK1

    None.

Call Graph Tables:

 ---------------------------------------------------------------------------------
 (Depth) Function   	        Calls       Base Space   Used Autos Params    Refs
 ---------------------------------------------------------------------------------
 (0) _main                                                 2     2      0       0
                                              0 COMRAM     2     2      0
 ---------------------------------------------------------------------------------
 Estimated maximum stack depth 0
 ---------------------------------------------------------------------------------

 Call Graph Graphs:

 _main (ROOT)

 Address spaces:
Name               Size   Autos  Total    Cost      Usage
BITCOMRAM           7F      0       0       0        0.0%
EEDATA             100      0       0       0        0.0%
NULL                 0      0       0       0        0.0%
CODE                 0      0       0       0        0.0%
COMRAM              7F      2       2       1        1.6%
STACK                0      0       0       2        0.0%
BITBANK0            80      0       0       3        0.0%
BANK0               80      0       0       4        0.0%
BITBANK1           100      0       0       5        0.0%
BANK1              100      0       0       6        0.0%
ABS                  0      0       0       7        0.0%
BIGRAM             1FF      0       0       8        0.0%
DATA                 0      0       0       9        0.0%
BITSFR               0      0       0     200        0.0%
SFR                  0      0       0     200        0.0%


Microchip Technology PIC18 Macro Assembler V1.40 build -251452761 
Symbol Table                                                                                   Sat Sep 08 06:42:34 2018

                     u17 0FDA                       u27 0FF2             __CFG_CP0$OFF 000000  
           __CFG_CP1$OFF 000000              __CFG_LVP$ON 000000                      l616 0FCE  
           __CFG_CPB$OFF 000000             __CFG_CPD$OFF 000000             __CFG_BOR$OFF 000000  
           __CFG_BORV$20 000000                      wreg 000FE8             __CFG_WDT$OFF 000000  
           __CFG_STVR$ON 000000                     _main 0FC8            __CFG_PBAD$ANA 000000  
                   start 0000            __CFG_FSCM$OFF 000000            __CFG_IESO$OFF 000000  
           ___param_bank 000000           __CFG_CCP2MX$ON 000000                    ?_main 0001  
          __CFG_PWRT$OFF 000000            __CFG_WRT0$OFF 000000            __CFG_WRT1$OFF 000000  
         __CFG_EBTR0$OFF 000000           __CFG_EBTR1$OFF 000000            __CFG_WRTB$OFF 000000  
          __CFG_WRTC$OFF 000000            __CFG_WRTD$OFF 000000           __CFG_EBTRB$OFF 000000  
         __CFG_MCLRE$OFF 000000          __initialization 0FC2             __end_of_main 1000  
                 ??_main 0001            __activetblptr 000000                   _OSCCON 000FD3  
             __accesstop 0080  __end_of__initialization 0FC2            ___rparam_used 000001  
         __pcstackCOMRAM 0001          __CFG_OSC$INTIO2 000000                  __Hparam 0000  
                __Lparam 0000                  __pcinit 0FC2                  __ramtop 0200  
                __ptext0 0FC8     end_of_initialization 0FC2                _TRISBbits 000F93  
    start_initialization 0FC2                 _LATBbits 000F8A         __CFG_WDTPS$32768 000000  
               __Hrparam 0000                 __Lrparam 0000            __size_of_main 0038  
